[debug] [2023-11-16T05:29:17.034Z] ----------------------------------------------------------------------
[debug] [2023-11-16T05:29:17.036Z] Command:       C:\Program Files\nodejs\node.exe C:\Users\Archit Dandavate\AppData\Roaming\npm\node_modules\firebase-tools\lib\bin\firebase.js init hosting
[debug] [2023-11-16T05:29:17.037Z] CLI Version:   11.28.0
[debug] [2023-11-16T05:29:17.037Z] Platform:      win32
[debug] [2023-11-16T05:29:17.037Z] Node Version:  v16.16.0
[debug] [2023-11-16T05:29:17.038Z] Time:          Thu Nov 16 2023 10:59:17 GMT+0530 (India Standard Time)
[debug] [2023-11-16T05:29:17.039Z] ----------------------------------------------------------------------
[debug] 
[debug] [2023-11-16T05:29:17.051Z] > command requires scopes: ["email","openid","https://www.googleapis.com/auth/cloudplatformprojects.readonly","https://www.googleapis.com/auth/firebase","https://www.googleapis.com/auth/cloud-platform"]
[debug] [2023-11-16T05:29:17.051Z] > authorizing via signed-in user (dandavatearchit0@gmail.com)
[info] 
     ######## #### ########  ######## ########     ###     ######  ########
     ##        ##  ##     ## ##       ##     ##  ##   ##  ##       ##
     ######    ##  ########  ######   ########  #########  ######  ######
     ##        ##  ##    ##  ##       ##     ## ##     ##       ## ##
     ##       #### ##     ## ######## ########  ##     ##  ######  ########

You're about to initialize a Firebase project in this directory:

  D:\development\heera_intern\admin_god\build\web

[info] 
=== Project Setup
[info] 
[info] First, let's associate this project directory with a Firebase project.
[info] You can create multiple project aliases by running firebase use --add, 
[info] but for now we'll just set up a default project.
[info] 
[debug] [2023-11-16T05:29:20.817Z] >>> [apiv2][query] GET https://firebase.googleapis.com/v1beta1/projects pageSize=100
[debug] [2023-11-16T05:29:21.530Z] <<< [apiv2][status] GET https://firebase.googleapis.com/v1beta1/projects 200
[debug] [2023-11-16T05:29:21.531Z] <<< [apiv2][body] GET https://firebase.googleapis.com/v1beta1/projects [omitted]
[info] i  Using project festination-4ad92 (FestiNation) 
[info] 
=== Hosting Setup
